Построение начато 14.04.2015 10:49:04.
     1>Проект "D:\с++\Lab3\Дроби\Дроби.vcxproj" в узле 2 (целевые объекты Build).
     1>ClCompile:
         C:\Program Files (x86)\Microsoft Visual Studio 11.0\VC\bin\CL.exe /c /ZI /nologo /W3 /WX- /Od /Oy- /D WIN32 /D _DEBUG /D _CONSOLE /D _UNICODE /D UNICODE /Gm /EHsc /RTC1 /MDd /GS /fp:precise /Zc:wchar_t /Zc:forScope /Fo"Debug\\" /Fd"Debug\vc110.pdb" /Gd /TP /analyze- /errorReport:prompt "Исходный код.cpp" "функции.cpp"
         функции.cpp
     1>d:\с++\lab3\дроби\myfun.h(2): error C2065: fraction: необъявленный идентификатор
     1>d:\с++\lab3\дроби\myfun.h(2): error C2146: синтаксическая ошибка: отсутствие ")" перед идентификатором "a"
     1>d:\с++\lab3\дроби\myfun.h(2): error C2182: enter: недопустимое использование типа "void"
     1>d:\с++\lab3\дроби\myfun.h(2): error C2059: синтаксическая ошибка: )
     1>d:\с++\lab3\дроби\myfun.h(3): error C2065: fraction: необъявленный идентификатор
     1>d:\с++\lab3\дроби\myfun.h(3): error C2146: синтаксическая ошибка: отсутствие ")" перед идентификатором "a"
     1>d:\с++\lab3\дроби\myfun.h(3): error C2182: summa: недопустимое использование типа "void"
     1>d:\с++\lab3\дроби\myfun.h(3): error C2059: синтаксическая ошибка: )
     1>d:\с++\lab3\дроби\myfun.h(4): error C2065: fraction: необъявленный идентификатор
     1>d:\с++\lab3\дроби\myfun.h(4): error C2146: синтаксическая ошибка: отсутствие ")" перед идентификатором "a"
     1>d:\с++\lab3\дроби\myfun.h(4): error C2182: dif: недопустимое использование типа "void"
     1>d:\с++\lab3\дроби\myfun.h(4): error C2059: синтаксическая ошибка: )
     1>d:\с++\lab3\дроби\myfun.h(5): error C2065: fraction: необъявленный идентификатор
     1>d:\с++\lab3\дроби\myfun.h(5): error C2146: синтаксическая ошибка: отсутствие ")" перед идентификатором "a"
     1>d:\с++\lab3\дроби\myfun.h(5): error C2182: prod: недопустимое использование типа "void"
     1>d:\с++\lab3\дроби\myfun.h(5): error C2059: синтаксическая ошибка: )
     1>d:\с++\lab3\дроби\myfun.h(6): error C2065: fraction: необъявленный идентификатор
     1>d:\с++\lab3\дроби\myfun.h(6): error C2146: синтаксическая ошибка: отсутствие ")" перед идентификатором "a"
     1>d:\с++\lab3\дроби\myfun.h(6): error C2182: quot: недопустимое использование типа "void"
     1>d:\с++\lab3\дроби\myfun.h(6): error C2059: синтаксическая ошибка: )
     1>d:\с++\lab3\дроби\функции.cpp(17): error C2365: enter: переопределение; предыдущим определением было "переменная данных"
                 d:\с++\lab3\дроби\myfun.h(2): см. объявление "enter"
     1>d:\с++\lab3\дроби\функции.cpp(25): error C2365: summa: переопределение; предыдущим определением было "переменная данных"
                 d:\с++\lab3\дроби\myfun.h(3): см. объявление "summa"
     1>d:\с++\lab3\дроби\функции.cpp(32): error C2365: dif: переопределение; предыдущим определением было "переменная данных"
                 d:\с++\lab3\дроби\myfun.h(4): см. объявление "dif"
     1>d:\с++\lab3\дроби\функции.cpp(38): error C2365: prod: переопределение; предыдущим определением было "переменная данных"
                 d:\с++\lab3\дроби\myfun.h(5): см. объявление "prod"
     1>d:\с++\lab3\дроби\функции.cpp(44): error C2365: quot: переопределение; предыдущим определением было "переменная данных"
                 d:\с++\lab3\дроби\myfun.h(6): см. объявление "quot"
     1>d:\с++\lab3\дроби\функции.cpp(50): error C2011: fraction: переопределение типа "struct"
                 d:\с++\lab3\дроби\myfun.h(8): см. объявление "fraction"
         Исходный код.cpp
     1>d:\с++\lab3\дроби\myfun.h(2): error C2065: fraction: необъявленный идентификатор
     1>d:\с++\lab3\дроби\myfun.h(2): error C2146: синтаксическая ошибка: отсутствие ")" перед идентификатором "a"
     1>d:\с++\lab3\дроби\myfun.h(2): error C2182: enter: недопустимое использование типа "void"
     1>d:\с++\lab3\дроби\myfun.h(2): error C2059: синтаксическая ошибка: )
     1>d:\с++\lab3\дроби\myfun.h(3): error C2065: fraction: необъявленный идентификатор
     1>d:\с++\lab3\дроби\myfun.h(3): error C2146: синтаксическая ошибка: отсутствие ")" перед идентификатором "a"
     1>d:\с++\lab3\дроби\myfun.h(3): error C2182: summa: недопустимое использование типа "void"
     1>d:\с++\lab3\дроби\myfun.h(3): error C2059: синтаксическая ошибка: )
     1>d:\с++\lab3\дроби\myfun.h(4): error C2065: fraction: необъявленный идентификатор
     1>d:\с++\lab3\дроби\myfun.h(4): error C2146: синтаксическая ошибка: отсутствие ")" перед идентификатором "a"
     1>d:\с++\lab3\дроби\myfun.h(4): error C2182: dif: недопустимое использование типа "void"
     1>d:\с++\lab3\дроби\myfun.h(4): error C2059: синтаксическая ошибка: )
     1>d:\с++\lab3\дроби\myfun.h(5): error C2065: fraction: необъявленный идентификатор
     1>d:\с++\lab3\дроби\myfun.h(5): error C2146: синтаксическая ошибка: отсутствие ")" перед идентификатором "a"
     1>d:\с++\lab3\дроби\myfun.h(5): error C2182: prod: недопустимое использование типа "void"
     1>d:\с++\lab3\дроби\myfun.h(5): error C2059: синтаксическая ошибка: )
     1>d:\с++\lab3\дроби\myfun.h(6): error C2065: fraction: необъявленный идентификатор
     1>d:\с++\lab3\дроби\myfun.h(6): error C2146: синтаксическая ошибка: отсутствие ")" перед идентификатором "a"
     1>d:\с++\lab3\дроби\myfun.h(6): error C2182: quot: недопустимое использование типа "void"
     1>d:\с++\lab3\дроби\myfun.h(6): error C2059: синтаксическая ошибка: )
     1>d:\с++\lab3\дроби\исходный код.cpp(13): error C2064: результатом вычисления фрагмента не является функция, принимающая 2 аргументов
     1>d:\с++\lab3\дроби\исходный код.cpp(17): error C2064: результатом вычисления фрагмента не является функция, принимающая 3 аргументов
     1>d:\с++\lab3\дроби\исходный код.cpp(20): error C2064: результатом вычисления фрагмента не является функция, принимающая 3 аргументов
     1>d:\с++\lab3\дроби\исходный код.cpp(22): error C2064: результатом вычисления фрагмента не является функция, принимающая 3 аргументов
     1>d:\с++\lab3\дроби\исходный код.cpp(25): error C2064: результатом вычисления фрагмента не является функция, принимающая 3 аргументов
     1>d:\с++\lab3\дроби\исходный код.cpp(28): error C2064: результатом вычисления фрагмента не является функция, принимающая 3 аргументов
     1>d:\с++\lab3\дроби\исходный код.cpp(30): error C2064: результатом вычисления фрагмента не является функция, принимающая 3 аргументов
     1>d:\с++\lab3\дроби\исходный код.cpp(33): error C2064: результатом вычисления фрагмента не является функция, принимающая 3 аргументов
     1>d:\с++\lab3\дроби\исходный код.cpp(36): error C2064: результатом вычисления фрагмента не является функция, принимающая 3 аргументов
     1>d:\с++\lab3\дроби\исходный код.cpp(38): error C2064: результатом вычисления фрагмента не является функция, принимающая 3 аргументов
     1>d:\с++\lab3\дроби\исходный код.cpp(41): error C2064: результатом вычисления фрагмента не является функция, принимающая 3 аргументов
     1>d:\с++\lab3\дроби\исходный код.cpp(44): error C2064: результатом вычисления фрагмента не является функция, принимающая 3 аргументов
     1>d:\с++\lab3\дроби\исходный код.cpp(46): error C2064: результатом вычисления фрагмента не является функция, принимающая 3 аргументов
         Создание кода...
     1>Построение проекта "D:\с++\Lab3\Дроби\Дроби.vcxproj" завершено (целевые объекты Build) с ошибкой.

Сбой построения.

Затраченное время: 00:00:03.00
